src/app/(dashboard)/dashboard/page.tsx(15,35): error TS2339: Property 'roles' does not exist on type '{ name?: string | null | undefined; email?: string | null | undefined; image?: string | null | undefined; }'.
src/app/(dashboard)/dashboard/page.tsx(17,72): error TS2339: Property 'parishId' does not exist on type '{ name?: string | null | undefined; email?: string | null | undefined; image?: string | null | undefined; }'.
src/app/(dashboard)/dashboard/page.tsx(18,70): error TS2339: Property 'vicariatId' does not exist on type '{ name?: string | null | undefined; email?: string | null | undefined; image?: string | null | undefined; }'.
src/app/(dashboard)/lecteurs/page.tsx(22,7): error TS7034: Variable 'lecteurs' implicitly has type 'any[]' in some locations where its type cannot be determined.
src/app/(dashboard)/lecteurs/page.tsx(42,17): error TS2322: Type '{ children: Element; asChild: true; className: string; }' is not assignable to type 'IntrinsicAttributes & ButtonProps & VariantProps<(props?: (ConfigVariants<{ variant: { default: string; outline: string; secondary: string; ghost: string; destructive: string; link: string; }; size: { ...; }; }> & ClassProp) | undefined) => string>'.
  Property 'asChild' does not exist on type 'IntrinsicAttributes & ButtonProps & VariantProps<(props?: (ConfigVariants<{ variant: { default: string; outline: string; secondary: string; ghost: string; destructive: string; link: string; }; size: { ...; }; }> & ClassProp) | undefined) => string>'.
src/app/(dashboard)/lecteurs/page.tsx(75,18): error TS7005: Variable 'lecteurs' implicitly has an 'any[]' type.
src/app/(dashboard)/lecteurs/page.tsx(93,57): error TS2322: Type '{ children: Element; variant: "ghost"; size: "sm"; asChild: true; }' is not assignable to type 'IntrinsicAttributes & ButtonProps & VariantProps<(props?: (ConfigVariants<{ variant: { default: string; outline: string; secondary: string; ghost: string; destructive: string; link: string; }; size: { ...; }; }> & ClassProp) | undefined) => string>'.
  Property 'asChild' does not exist on type 'IntrinsicAttributes & ButtonProps & VariantProps<(props?: (ConfigVariants<{ variant: { default: string; outline: string; secondary: string; ghost: string; destructive: string; link: string; }; size: { ...; }; }> & ClassProp) | undefined) => string>'.
src/app/page.tsx(16,19): error TS2322: Type '{ children: Element; asChild: true; size: "lg"; className: string; }' is not assignable to type 'IntrinsicAttributes & ButtonProps & VariantProps<(props?: (ConfigVariants<{ variant: { default: string; outline: string; secondary: string; ghost: string; destructive: string; link: string; }; size: { ...; }; }> & ClassProp) | undefined) => string>'.
  Property 'asChild' does not exist on type 'IntrinsicAttributes & ButtonProps & VariantProps<(props?: (ConfigVariants<{ variant: { default: string; outline: string; secondary: string; ghost: string; destructive: string; link: string; }; size: { ...; }; }> & ClassProp) | undefined) => string>'.
src/app/page.tsx(21,19): error TS2322: Type '{ children: Element; asChild: true; size: "lg"; variant: "outline"; className: string; }' is not assignable to type 'IntrinsicAttributes & ButtonProps & VariantProps<(props?: (ConfigVariants<{ variant: { default: string; outline: string; secondary: string; ghost: string; destructive: string; link: string; }; size: { ...; }; }> & ClassProp) | undefined) => string>'.
  Property 'asChild' does not exist on type 'IntrinsicAttributes & ButtonProps & VariantProps<(props?: (ConfigVariants<{ variant: { default: string; outline: string; secondary: string; ghost: string; destructive: string; link: string; }; size: { ...; }; }> & ClassProp) | undefined) => string>'.
src/modules/lecteurs/components/LecteurForm.tsx(7,80): error TS2307: Cannot find module '@/components/ui/form' or its corresponding type declarations.
src/modules/lecteurs/components/LecteurForm.tsx(27,5): error TS2322: Type 'Resolver<{ nom: string; prenoms: string; dateNaissance: unknown; sexe: "M" | "F"; anneeAdhesion: unknown; niveau: string; contact: string; contactUrgence: string; adresse: string; vicariatId: string; paroisseId: string; gradeId?: string | undefined; details?: string | undefined; maux?: string | undefined; photo?: st...' is not assignable to type 'Resolver<{ nom: string; prenoms: string; dateNaissance: Date; sexe: "M" | "F"; anneeAdhesion: number; niveau: string; contact: string; contactUrgence: string; adresse: string; vicariatId: string; ... 4 more ...; photo?: string | undefined; }, any, { ...; }>'.
  Types of parameters 'options' and 'options' are incompatible.
    Type 'ResolverOptions<{ nom: string; prenoms: string; dateNaissance: Date; sexe: "M" | "F"; anneeAdhesion: number; niveau: string; contact: string; contactUrgence: string; adresse: string; vicariatId: string; ... 4 more ...; photo?: string | undefined; }>' is not assignable to type 'ResolverOptions<{ nom: string; prenoms: string; dateNaissance: unknown; sexe: "M" | "F"; anneeAdhesion: unknown; niveau: string; contact: string; contactUrgence: string; adresse: string; vicariatId: string; paroisseId: string; gradeId?: string | undefined; details?: string | undefined; maux?: string | undefined; pho...'.
      Type 'unknown' is not assignable to type 'Date'.
src/modules/lecteurs/components/LecteurForm.tsx(66,41): error TS2345: Argument of type '(data: FormData) => Promise<void>' is not assignable to parameter of type 'SubmitHandler<TFieldValues>'.
  Types of parameters 'data' and 'data' are incompatible.
    Type 'TFieldValues' is not assignable to type '{ nom: string; prenoms: string; dateNaissance: Date; sexe: "M" | "F"; anneeAdhesion: number; niveau: string; contact: string; contactUrgence: string; adresse: string; vicariatId: string; ... 4 more ...; photo?: string | undefined; }'.
      Type 'FieldValues' is missing the following properties from type '{ nom: string; prenoms: string; dateNaissance: Date; sexe: "M" | "F"; anneeAdhesion: number; niveau: string; contact: string; contactUrgence: string; adresse: string; vicariatId: string; ... 4 more ...; photo?: string | undefined; }': nom, prenoms, dateNaissance, sexe, and 7 more.
src/modules/lecteurs/components/LecteurForm.tsx(71,24): error TS7031: Binding element 'field' implicitly has an 'any' type.
src/modules/lecteurs/components/LecteurForm.tsx(85,24): error TS7031: Binding element 'field' implicitly has an 'any' type.
src/modules/lecteurs/components/LecteurForm.tsx(99,34): error TS7031: Binding element 'value' implicitly has an 'any' type.
src/modules/lecteurs/components/LecteurForm.tsx(99,41): error TS7031: Binding element 'onChange' implicitly has an 'any' type.
src/modules/lecteurs/components/LecteurForm.tsx(118,24): error TS7031: Binding element 'field' implicitly has an 'any' type.
src/modules/lecteurs/components/LecteurForm.tsx(138,24): error TS7031: Binding element 'field' implicitly has an 'any' type.
src/modules/lecteurs/components/LecteurForm.tsx(159,24): error TS7031: Binding element 'field' implicitly has an 'any' type.
src/modules/lecteurs/components/LecteurForm.tsx(180,24): error TS7031: Binding element 'field' implicitly has an 'any' type.
src/modules/lecteurs/components/LecteurForm.tsx(194,24): error TS7031: Binding element 'field' implicitly has an 'any' type.
src/modules/lecteurs/components/LecteurForm.tsx(208,24): error TS7031: Binding element 'field' implicitly has an 'any' type.
src/modules/lecteurs/components/LecteurForm.tsx(222,24): error TS7031: Binding element 'field' implicitly has an 'any' type.
src/modules/lecteurs/components/LecteurForm.tsx(236,24): error TS7031: Binding element 'field' implicitly has an 'any' type.
